Using pre-set license
Built from '2020.2/staging' branch; Version is '2020.2.6f1 (8a2143876886) revision 9052483'; Using compiler version '192528614'; Build Type 'Release'
OS: 'Windows 10 Home; OS build 19042.1165; Version 2009; 64bit' Language: 'ru' Physical Memory: 16319 MB
BatchMode: 1, IsHumanControllingUs: 0, StartBugReporterOnCrash: 0, Is64bit: 1, IsPro: 0

 COMMAND LINE ARGUMENTS:
C:\Program Files\Unity\Hub\Editor\2020.2.6f1\Editor\Unity.exe
-adb2
-batchMode
-noUpm
-name
AssetImportWorker0
-projectPath
D:/NewInputSystemTest
-logFile
Logs/AssetImportWorker0.log
-srvPort
65280
Successfully changed project path to: D:/NewInputSystemTest
D:/NewInputSystemTest
Using Asset Import Pipeline V2.
Refreshing native plugins compatible for Editor in 23.78 ms, found 0 plugins.
Preloading 0 native plugins for Editor in 0.00 ms.
Initialize engine version: 2020.2.6f1 (8a2143876886)
[Subsystems] Discovering subsystems at path C:/Program Files/Unity/Hub/Editor/2020.2.6f1/Editor/Data/Resources/UnitySubsystems
[Subsystems] Discovering subsystems at path D:/NewInputSystemTest/Assets
GfxDevice: creating device client; threaded=0
Direct3D:
    Version:  Direct3D 11.0 [level 11.1]
    Renderer: NVIDIA GeForce GT 1030 (ID=0x1d01)
    Vendor:   
    VRAM:     1982 MB
    Driver:   27.21.14.5671
Initialize mono
Mono path[0] = 'C:/Program Files/Unity/Hub/Editor/2020.2.6f1/Editor/Data/Managed'
Mono path[1] = 'C:/Program Files/Unity/Hub/Editor/2020.2.6f1/Editor/Data/MonoBleedingEdge/lib/mono/unityjit'
Mono config path = 'C:/Program Files/Unity/Hub/Editor/2020.2.6f1/Editor/Data/MonoBleedingEdge/etc'
Using monoOptions --debugger-agent=transport=dt_socket,embedding=1,server=y,suspend=n,address=127.0.0.1:56680
Begin MonoManager ReloadAssembly
Registering precompiled unity dll's ...
Register platform support module: C:/Program Files/Unity/Hub/Editor/2020.2.6f1/Editor/Data/PlaybackEngines/WindowsStandaloneSupport/UnityEditor.WindowsStandalone.Extensions.dll
Registered in 0.001839 seconds.
Native extension for WindowsStandalone target not found
Refreshing native plugins compatible for Editor in 22.53 ms, found 0 plugins.
Preloading 0 native plugins for Editor in 0.00 ms.
Invoked RoslynAnalysisRunner static constructor.
RoslynAnalysisRunner will not be running.
RoslynAnalysisRunner has terminated.
Mono: successfully reloaded assembly
- Completed reload, in  1.963 seconds
Platform modules already initialized, skipping
Registering precompiled user dll's ...
Registered in 0.000472 seconds.
Begin MonoManager ReloadAssembly
Native extension for WindowsStandalone target not found
Refreshing native plugins compatible for Editor in 23.72 ms, found 0 plugins.
Preloading 0 native plugins for Editor in 0.00 ms.
Invoked RoslynAnalysisRunner static constructor.
RoslynAnalysisRunner will not be running.
RoslynAnalysisRunner has terminated.
Mono: successfully reloaded assembly
- Completed reload, in  0.803 seconds
Platform modules already initialized, skipping
========================================================================
Worker process is ready to serve import requests
Launched and connected shader compiler UnityShaderCompiler.exe after 0.04 seconds
Refreshing native plugins compatible for Editor in 0.29 ms, found 0 plugins.
Preloading 0 native plugins for Editor in 0.00 ms.
Unloading 1399 Unused Serialized files (Serialized files now loaded: 0)
System memory in use before: 66.9 MB.
System memory in use after: 67.0 MB.

Unloading 12 unused Assets to reduce memory usage. Loaded Objects now: 1842.
Total: 1.788900 ms (FindLiveObjects: 0.143800 ms CreateObjectMapping: 0.052800 ms MarkObjects: 1.524600 ms  DeleteObjects: 0.066300 ms)

========================================================================
Received Import Request.
  path: Assets
  artifactKey: Guid(00000000000000001000000000000000) Importer(815301076,1909f56bfc062723c751e8b465ee728b)
Start importing Assets using Guid(00000000000000001000000000000000) Importer(815301076,1909f56bfc062723c751e8b465ee728b)  -> (artifact id: 'f47cf443bddc682ac2de11ea429897ce') in 0.006959 seconds
  Import took 0.008975 seconds .

========================================================================
Received Import Request.
  Time since last request: 1.242784 seconds.
  path: Assets
  artifactKey: Guid(00000000000000001000000000000000) Importer(815301076,1909f56bfc062723c751e8b465ee728b)
Start importing Assets using Guid(00000000000000001000000000000000) Importer(815301076,1909f56bfc062723c751e8b465ee728b)  -> (artifact id: 'f47cf443bddc682ac2de11ea429897ce') in 0.003087 seconds
  Import took 0.005771 seconds .

========================================================================
Received Import Request.
  Time since last request: 4.507771 seconds.
  path: Assets/PlayerInput.inputactions
  artifactKey: Guid(a20c37d4508e8c24ab9906ab006dfea9) Importer(815301076,1909f56bfc062723c751e8b465ee728b)
Start importing Assets/PlayerInput.inputactions using Guid(a20c37d4508e8c24ab9906ab006dfea9) Importer(815301076,1909f56bfc062723c751e8b465ee728b)  -> (artifact id: 'c7ba4ec0dbc8c72f0ae78e758aec4074') in 0.039276 seconds
  Import took 0.041953 seconds .

========================================================================
Received Import Request.
  Time since last request: 187.722198 seconds.
  path: Assets/PlayerInput.inputactions
  artifactKey: Guid(a20c37d4508e8c24ab9906ab006dfea9) Importer(815301076,1909f56bfc062723c751e8b465ee728b)
Start importing Assets/PlayerInput.inputactions using Guid(a20c37d4508e8c24ab9906ab006dfea9) Importer(815301076,1909f56bfc062723c751e8b465ee728b)  -> (artifact id: '2e10e20577565b7bd885ec91647ef5b0') in 0.004277 seconds
  Import took 0.007128 seconds .

========================================================================
Received Import Request.
  Time since last request: 0.000944 seconds.
  path: Assets/PlayerInput.inputactions
  artifactKey: Guid(a20c37d4508e8c24ab9906ab006dfea9) Importer(815301076,1909f56bfc062723c751e8b465ee728b)
Start importing Assets/PlayerInput.inputactions using Guid(a20c37d4508e8c24ab9906ab006dfea9) Importer(815301076,1909f56bfc062723c751e8b465ee728b)  -> (artifact id: '2e10e20577565b7bd885ec91647ef5b0') in 0.002128 seconds
  Import took 0.004687 seconds .

========================================================================
Received Import Request.
  Time since last request: 292.732108 seconds.
  path: Assets/PlayerInput.inputactions
  artifactKey: Guid(a20c37d4508e8c24ab9906ab006dfea9) Importer(815301076,1909f56bfc062723c751e8b465ee728b)
Start importing Assets/PlayerInput.inputactions using Guid(a20c37d4508e8c24ab9906ab006dfea9) Importer(815301076,1909f56bfc062723c751e8b465ee728b)  -> (artifact id: '74aac9d58fec4a45ee54904d7debf900') in 0.004694 seconds
  Import took 0.007675 seconds .

========================================================================
Received Import Request.
  Time since last request: 0.002126 seconds.
  path: Assets/PlayerInput.inputactions
  artifactKey: Guid(a20c37d4508e8c24ab9906ab006dfea9) Importer(815301076,1909f56bfc062723c751e8b465ee728b)
Start importing Assets/PlayerInput.inputactions using Guid(a20c37d4508e8c24ab9906ab006dfea9) Importer(815301076,1909f56bfc062723c751e8b465ee728b)  -> (artifact id: '74aac9d58fec4a45ee54904d7debf900') in 0.002209 seconds
  Import took 0.004480 seconds .

